<?xml version="1.0" encoding="UTF-8"?>
<!-- Generated by org.testng.reporters.JUnitReportReporter -->
<testsuite skipped="0" hostname="PC-PC" name="tests.HomePageTest" tests="1" failures="0" timestamp="26 Mar 2020 14:27:35 GMT" time="0.854" errors="0">
  <testcase name="EnterPageTest" time="0.854" classname="tests.HomePageTest"/>
</testsuite> <!-- tests.HomePageTest -->
