<?xml version="1.0" encoding="UTF-8"?>
<!-- Generated by org.testng.reporters.JUnitReportReporter -->
<testsuite skipped="0" hostname="PC-PC" name="tests.RegistrationPageTest" tests="1" failures="0" timestamp="04 Apr 2020 21:47:32 GMT" time="407.930" errors="0">
  <testcase name="RegistrationTest" time="407.930" classname="tests.RegistrationPageTest"/>
</testsuite> <!-- tests.RegistrationPageTest -->
