<?xml version="1.0" encoding="UTF-8"?>
<!-- Generated by org.testng.reporters.JUnitReportReporter -->
<testsuite skipped="0" hostname="PC-PC" name="tests.SingInPageTest" tests="1" failures="0" timestamp="04 Apr 2020 21:47:32 GMT" time="244.755" errors="0">
  <testcase name="SingInTest" time="244.755" classname="tests.SingInPageTest"/>
</testsuite> <!-- tests.SingInPageTest -->
