<?xml version="1.0" encoding="UTF-8"?>
<!-- Generated by org.testng.reporters.JUnitReportReporter -->
<testsuite skipped="0" hostname="PC-PC" name="tests.PetStoreMenuPageTest" tests="3" failures="0" timestamp="04 Apr 2020 21:47:32 GMT" time="80.677" errors="0">
  <testcase name="singInButtonTest" time="5.477" classname="tests.PetStoreMenuPageTest"/>
  <testcase name="categoryVerification" time="71.917" classname="tests.PetStoreMenuPageTest"/>
  <testcase name="linksVerification" time="3.283" classname="tests.PetStoreMenuPageTest"/>
</testsuite> <!-- tests.PetStoreMenuPageTest -->
