<?xml version="1.0" encoding="UTF-8"?>
<!-- Generated by org.testng.reporters.JUnitReportReporter -->
<testsuite skipped="0" hostname="PC-PC" name="tests.CartPageTest" tests="2" failures="0" timestamp="04 Apr 2020 21:47:32 GMT" time="7.264" errors="0">
  <testcase name="addItemsTest" time="6.940" classname="tests.CartPageTest"/>
  <testcase name="deleteCookies" time="0.324" classname="tests.CartPageTest"/>
</testsuite> <!-- tests.CartPageTest -->
