<?xml version="1.0" encoding="UTF-8"?>
<!-- Generated by org.testng.reporters.JUnitReportReporter -->
<testsuite skipped="0" hostname="PC-PC" name="tests.PetStoreMenuPageTest" tests="2" failures="0" timestamp="29 Mar 2020 14:26:29 GMT" time="6.799" errors="0">
  <testcase name="singInButton" time="0.457" classname="tests.PetStoreMenuPageTest"/>
  <testcase name="linksVerification" time="6.342" classname="tests.PetStoreMenuPageTest"/>
</testsuite> <!-- tests.PetStoreMenuPageTest -->
